2025-08-05 00:47:43,209 - INFO - Initializing OpenQRApp
2025-08-05 00:48:51,181 - INFO - Initializing OpenQRApp
2025-08-05 00:52:11,085 - INFO - Initializing OpenQRApp
2025-08-05 00:52:30,169 - INFO - Initializing OpenQRApp
2025-08-05 00:55:24,647 - INFO - Initializing OpenQRApp
2025-08-05 00:57:09,019 - INFO - Initializing OpenQRApp
2025-08-05 00:58:11,636 - INFO - Initializing OpenQRApp
2025-08-05 00:59:02,687 - INFO - Initializing OpenQRApp
2025-08-05 01:01:09,823 - INFO - Initializing OpenQRApp
2025-08-05 01:14:54,753 - INFO - Initializing OpenQRApp
2025-08-05 01:17:04,238 - INFO - Initializing OpenQRApp
2025-08-05 01:19:06,681 - INFO - Initializing OpenQRApp
2025-08-05 01:19:25,479 - INFO - Initializing OpenQRApp
2025-08-05 01:21:14,932 - INFO - Initializing OpenQRApp
2025-08-05 01:21:46,093 - INFO - Initializing OpenQRApp
2025-08-05 01:23:21,951 - INFO - Initializing OpenQRApp
2025-08-05 01:23:37,004 - INFO - Initializing OpenQRApp
2025-08-05 01:24:34,350 - INFO - Initializing OpenQRApp
2025-08-05 01:25:42,483 - INFO - Initializing OpenQRApp
2025-08-05 01:26:52,155 - INFO - Initializing OpenQRApp
2025-08-05 01:28:51,924 - INFO - Initializing OpenQRApp
2025-08-05 01:30:49,054 - INFO - Initializing OpenQRApp
2025-08-05 01:31:46,141 - INFO - Initializing OpenQRApp
2025-08-05 01:33:51,149 - INFO - Initializing OpenQRApp
2025-08-05 01:34:07,185 - INFO - Initializing OpenQRApp
2025-08-05 01:40:36,684 - INFO - Initializing OpenQRApp
2025-08-05 01:44:52,249 - INFO - Initializing OpenQRApp
2025-08-05 01:45:05,873 - INFO - Initializing OpenQRApp
2025-08-05 01:47:25,929 - INFO - Initializing OpenQRApp
2025-08-05 01:48:49,315 - INFO - Initializing OpenQRApp
2025-08-05 01:50:01,755 - INFO - Initializing OpenQRApp
2025-08-05 01:50:17,957 - INFO - Initializing OpenQRApp
2025-08-05 01:54:20,883 - INFO - Initializing OpenQRApp
2025-08-05 01:55:31,237 - INFO - Initializing OpenQRApp
2025-08-05 01:56:09,332 - INFO - Initializing OpenQRApp
2025-08-05 01:56:44,620 - INFO - Initializing OpenQRApp
2025-08-05 01:58:54,506 - INFO - Initializing OpenQRApp
2025-08-05 02:05:36,696 - INFO - Initializing OpenQRApp
2025-08-05 02:16:37,509 - INFO - Initializing OpenQRApp
2025-08-05 02:25:26,543 - INFO - Initializing OpenQRApp
2025-08-05 02:28:05,639 - INFO - Initializing OpenQRApp
2025-08-05 02:29:06,341 - INFO - Initializing OpenQRApp
2025-08-05 02:43:25,866 - INFO - Initializing OpenQRApp
2025-08-05 02:46:49,835 - INFO - Initializing OpenQRApp
2025-08-05 02:47:52,544 - INFO - Initializing OpenQRApp
2025-08-05 02:48:34,822 - INFO - Initializing OpenQRApp
2025-08-05 02:51:55,518 - INFO - Initializing OpenQRApp
2025-08-05 02:53:35,535 - INFO - Initializing OpenQRApp
2025-08-05 02:54:28,264 - INFO - Initializing OpenQRApp
2025-08-05 02:55:05,162 - INFO - Initializing OpenQRApp
2025-08-05 02:58:29,889 - INFO - Initializing OpenQRApp
2025-08-05 02:59:31,732 - INFO - Initializing OpenQRApp
2025-08-05 03:08:50,024 - INFO - OpenQRApp initializing...
2025-08-05 03:08:50,024 - INFO - QRCodeListener initialized with prefix='', suffix='\r'
2025-08-05 03:08:50,024 - INFO - QRCodeGenerator initialized.
2025-08-05 03:08:50,024 - DEBUG - Config file path: /Users/csp/.openqr
2025-08-05 03:08:50,041 - INFO - Domain lists loaded from file.
2025-08-05 03:08:50,041 - INFO - Loaded domain lists and settings.
2025-08-05 03:08:50,041 - DEBUG - Initializing UI components...
2025-08-05 03:08:50,133 - DEBUG - UI components created.
2025-08-05 03:08:50,133 - INFO - UI initialized.
2025-08-05 03:08:50,133 - INFO - Scan history loaded.
2025-08-05 03:08:50,133 - INFO - Signal connections established.
2025-08-05 03:08:56,258 - INFO - Start listening pressed.
2025-08-05 03:08:56,260 - INFO - QRCodeListener started listening.
2025-08-05 03:08:56,260 - DEBUG - Installing scanner event filter.
2025-08-05 03:09:02,676 - DEBUG - Keystroke buffer: '\r'
2025-08-05 03:09:02,677 - INFO - Suffix detected, processing scanned data: '\r'
2025-08-05 03:09:02,678 - DEBUG - Processing scanned data: '\r'
2025-08-05 03:09:02,678 - INFO - Prefix and suffix detected. Emitting scanned URL: 
2025-08-05 03:09:02,678 - INFO - Emitting url_scanned signal with URL: 
2025-08-05 03:09:02,678 - INFO - Scanned URL: 
2025-08-05 03:09:02,679 - WARNING - Blocked by protocol:  not in ['http', 'https']
2025-08-05 03:09:04,875 - INFO - Stop listening pressed.
2025-08-05 03:09:04,875 - INFO - QRCodeListener stopped listening.
2025-08-05 03:09:04,875 - DEBUG - Removing scanner event filter.
